[debug] [2026-07-08T14:24:01.074Z] ----------------------------------------------------------------------
[debug] [2026-07-08T14:24:01.093Z] Command:       C:\Program Files\nodejs\node.exe C:\Users\JOEL STACK\AppData\Roaming\npm\node_modules\firebase-tools\lib\bin\firebase.js deploy --only firestore:rules --project nasheta-105b3
[debug] [2026-07-08T14:24:01.094Z] CLI Version:   15.3.1
[debug] [2026-07-08T14:24:01.094Z] Platform:      win32
[debug] [2026-07-08T14:24:01.094Z] Node Version:  v24.14.1
[debug] [2026-07-08T14:24:01.094Z] Time:          Wed Jul 08 2026 17:24:01 GMT+0300 (East Africa Time)
[debug] [2026-07-08T14:24:01.094Z] ----------------------------------------------------------------------
[debug] 
[debug] [2026-07-08T14:24:08.092Z] > command requires scopes: ["email","openid","https://www.googleapis.com/auth/cloudplatformprojects.readonly","https://www.googleapis.com/auth/firebase","https://www.googleapis.com/auth/cloud-platform"]
[debug] [2026-07-08T14:24:08.092Z] > authorizing via signed-in user (joelkaunda15@gmail.com)
[debug] [2026-07-08T14:24:08.093Z] [iam] checking project nasheta-105b3 for permissions ["datastore.indexes.create","datastore.indexes.delete","datastore.indexes.list","datastore.indexes.update","firebase.projects.get"]
[debug] [2026-07-08T14:24:08.095Z] Checked if tokens are valid: true, expires at: 1783523029262
[debug] [2026-07-08T14:24:08.095Z] Checked if tokens are valid: true, expires at: 1783523029262
[debug] [2026-07-08T14:24:08.097Z] >>> [apiv2][query] POST https://cloudresourcemanager.googleapis.com/v1/projects/nasheta-105b3:testIamPermissions [none]
[debug] [2026-07-08T14:24:08.097Z] >>> [apiv2][(partial)header] POST https://cloudresourcemanager.googleapis.com/v1/projects/nasheta-105b3:testIamPermissions x-goog-quota-user=projects/nasheta-105b3
[debug] [2026-07-08T14:24:08.098Z] >>> [apiv2][body] POST https://cloudresourcemanager.googleapis.com/v1/projects/nasheta-105b3:testIamPermissions {"permissions":["datastore.indexes.create","datastore.indexes.delete","datastore.indexes.list","datastore.indexes.update","firebase.projects.get"]}
[debug] [2026-07-08T14:24:11.623Z] <<< [apiv2][status] POST https://cloudresourcemanager.googleapis.com/v1/projects/nasheta-105b3:testIamPermissions 200
[debug] [2026-07-08T14:24:11.623Z] <<< [apiv2][body] POST https://cloudresourcemanager.googleapis.com/v1/projects/nasheta-105b3:testIamPermissions {"permissions":["datastore.indexes.create","datastore.indexes.delete","datastore.indexes.list","datastore.indexes.update","firebase.projects.get"]}
[info] 
[info] === Deploying to 'nasheta-105b3'...
[info] 
[info] i  deploying firestore 
[info] i  firestore: ensuring required API firestore.googleapis.com is enabled... 
[debug] [2026-07-08T14:24:11.627Z] Checked if tokens are valid: true, expires at: 1783523029262
[debug] [2026-07-08T14:24:11.627Z] Checked if tokens are valid: true, expires at: 1783523029262
[debug] [2026-07-08T14:24:11.627Z] >>> [apiv2][query] GET https://serviceusage.googleapis.com/v1/projects/nasheta-105b3/services/firestore.googleapis.com [none]
[debug] [2026-07-08T14:24:11.627Z] >>> [apiv2][(partial)header] GET https://serviceusage.googleapis.com/v1/projects/nasheta-105b3/services/firestore.googleapis.com x-goog-quota-user=projects/nasheta-105b3
[debug] [2026-07-08T14:24:14.010Z] <<< [apiv2][status] GET https://serviceusage.googleapis.com/v1/projects/nasheta-105b3/services/firestore.googleapis.com 200
[debug] [2026-07-08T14:24:14.010Z] <<< [apiv2][body] GET https://serviceusage.googleapis.com/v1/projects/nasheta-105b3/services/firestore.googleapis.com [omitted]
[info] +  firestore: required API firestore.googleapis.com is enabled 
[info] i  firestore: ensuring required API firestore.googleapis.com is enabled... 
[debug] [2026-07-08T14:24:14.051Z] Checked if tokens are valid: true, expires at: 1783523029262
[debug] [2026-07-08T14:24:14.052Z] Checked if tokens are valid: true, expires at: 1783523029262
[debug] [2026-07-08T14:24:14.052Z] >>> [apiv2][query] GET https://firestore.googleapis.com/v1/projects/nasheta-105b3/databases/(default) [none]
[debug] [2026-07-08T14:24:37.888Z] ----------------------------------------------------------------------
[debug] [2026-07-08T14:24:37.897Z] Command:       C:\Program Files\nodejs\node.exe C:\Users\JOEL STACK\AppData\Roaming\npm\node_modules\firebase-tools\lib\bin\firebase.js deploy --only firestore:rules --project nasheta-105b3
[debug] [2026-07-08T14:24:37.903Z] CLI Version:   15.3.1
[debug] [2026-07-08T14:24:37.904Z] Platform:      win32
[debug] [2026-07-08T14:24:37.904Z] Node Version:  v24.14.1
[debug] [2026-07-08T14:24:37.905Z] Time:          Wed Jul 08 2026 17:24:37 GMT+0300 (East Africa Time)
[debug] [2026-07-08T14:24:37.906Z] ----------------------------------------------------------------------
[debug] 
[debug] [2026-07-08T14:24:42.696Z] > command requires scopes: ["email","openid","https://www.googleapis.com/auth/cloudplatformprojects.readonly","https://www.googleapis.com/auth/firebase","https://www.googleapis.com/auth/cloud-platform"]
[debug] [2026-07-08T14:24:42.697Z] > authorizing via signed-in user (joelkaunda15@gmail.com)
[debug] [2026-07-08T14:24:42.698Z] [iam] checking project nasheta-105b3 for permissions ["datastore.indexes.create","datastore.indexes.delete","datastore.indexes.list","datastore.indexes.update","firebase.projects.get"]
[debug] [2026-07-08T14:24:42.702Z] Checked if tokens are valid: true, expires at: 1783523029262
[debug] [2026-07-08T14:24:42.702Z] Checked if tokens are valid: true, expires at: 1783523029262
[debug] [2026-07-08T14:24:42.704Z] >>> [apiv2][query] POST https://cloudresourcemanager.googleapis.com/v1/projects/nasheta-105b3:testIamPermissions [none]
[debug] [2026-07-08T14:24:42.705Z] >>> [apiv2][(partial)header] POST https://cloudresourcemanager.googleapis.com/v1/projects/nasheta-105b3:testIamPermissions x-goog-quota-user=projects/nasheta-105b3
[debug] [2026-07-08T14:24:42.705Z] >>> [apiv2][body] POST https://cloudresourcemanager.googleapis.com/v1/projects/nasheta-105b3:testIamPermissions {"permissions":["datastore.indexes.create","datastore.indexes.delete","datastore.indexes.list","datastore.indexes.update","firebase.projects.get"]}
[debug] [2026-07-08T14:24:44.624Z] <<< [apiv2][status] POST https://cloudresourcemanager.googleapis.com/v1/projects/nasheta-105b3:testIamPermissions 200
[debug] [2026-07-08T14:24:44.625Z] <<< [apiv2][body] POST https://cloudresourcemanager.googleapis.com/v1/projects/nasheta-105b3:testIamPermissions {"permissions":["datastore.indexes.create","datastore.indexes.delete","datastore.indexes.list","datastore.indexes.update","firebase.projects.get"]}
[info] 
[info] === Deploying to 'nasheta-105b3'...
[info] 
[info] i  deploying firestore 
[info] i  firestore: ensuring required API firestore.googleapis.com is enabled... 
[info] i  firestore: ensuring required API firestore.googleapis.com is enabled... 
[debug] [2026-07-08T14:24:44.637Z] Checked if tokens are valid: true, expires at: 1783523029262
[debug] [2026-07-08T14:24:44.637Z] Checked if tokens are valid: true, expires at: 1783523029262
[debug] [2026-07-08T14:24:44.638Z] >>> [apiv2][query] GET https://firestore.googleapis.com/v1/projects/nasheta-105b3/databases/(default) [none]
[debug] [2026-07-08T14:24:46.602Z] <<< [apiv2][status] GET https://firestore.googleapis.com/v1/projects/nasheta-105b3/databases/(default) 200
[debug] [2026-07-08T14:24:46.603Z] <<< [apiv2][body] GET https://firestore.googleapis.com/v1/projects/nasheta-105b3/databases/(default) {"name":"projects/nasheta-105b3/databases/(default)","uid":"69b84ef8-90a4-4eef-976d-0d9d8af180bd","createTime":"2026-07-08T14:10:34.594698Z","updateTime":"2026-07-08T14:10:34.594698Z","locationId":"nam5","type":"FIRESTORE_NATIVE","concurrencyMode":"PESSIMISTIC","versionRetentionPeriod":"3600s","earliestVersionTime":"2026-07-08T14:10:34.594698Z","appEngineIntegrationMode":"DISABLED","keyPrefix":"s","pointInTimeRecoveryEnablement":"POINT_IN_TIME_RECOVERY_DISABLED","deleteProtectionState":"DELETE_PROTECTION_DISABLED","databaseEdition":"STANDARD","freeTier":true,"realtimeUpdatesMode":"REALTIME_UPDATES_MODE_ENABLED","etag":"IKq6vaekw5UDMJ7H8MSjw5UD"}
[info] i  cloud.firestore: checking firestore.rules for compilation errors... 
[debug] [2026-07-08T14:24:46.605Z] Checked if tokens are valid: true, expires at: 1783523029262
[debug] [2026-07-08T14:24:46.605Z] Checked if tokens are valid: true, expires at: 1783523029262
[debug] [2026-07-08T14:24:46.605Z] >>> [apiv2][query] POST https://firebaserules.googleapis.com/v1/projects/nasheta-105b3:test [none]
[debug] [2026-07-08T14:24:46.605Z] >>> [apiv2][body] POST https://firebaserules.googleapis.com/v1/projects/nasheta-105b3:test [omitted]
[debug] [2026-07-08T14:24:47.306Z] <<< [apiv2][status] POST https://firebaserules.googleapis.com/v1/projects/nasheta-105b3:test 200
[debug] [2026-07-08T14:24:47.306Z] <<< [apiv2][body] POST https://firebaserules.googleapis.com/v1/projects/nasheta-105b3:test {}
[info] +  cloud.firestore: rules file firestore.rules compiled successfully 
[debug] [2026-07-08T14:24:47.309Z] Checked if tokens are valid: true, expires at: 1783523029262
[debug] [2026-07-08T14:24:47.309Z] Checked if tokens are valid: true, expires at: 1783523029262
[debug] [2026-07-08T14:24:47.310Z] >>> [apiv2][query] GET https://firebaserules.googleapis.com/v1/projects/nasheta-105b3/releases pageSize=10&pageToken=
[debug] [2026-07-08T14:24:47.791Z] <<< [apiv2][status] GET https://firebaserules.googleapis.com/v1/projects/nasheta-105b3/releases 200
[debug] [2026-07-08T14:24:47.791Z] <<< [apiv2][body] GET https://firebaserules.googleapis.com/v1/projects/nasheta-105b3/releases {"releases":[{"name":"projects/nasheta-105b3/releases/cloud.firestore","rulesetName":"projects/nasheta-105b3/rulesets/3fc37d62-fdd3-4229-84f1-1b763551d3c7","createTime":"2026-07-08T14:10:40.193840Z","updateTime":"2026-07-08T14:10:40.193840Z"}]}
[debug] [2026-07-08T14:24:47.791Z] Checked if tokens are valid: true, expires at: 1783523029262
[debug] [2026-07-08T14:24:47.792Z] Checked if tokens are valid: true, expires at: 1783523029262
[debug] [2026-07-08T14:24:47.792Z] >>> [apiv2][query] GET https://firebaserules.googleapis.com/v1/projects/nasheta-105b3/rulesets/3fc37d62-fdd3-4229-84f1-1b763551d3c7 [none]
[debug] [2026-07-08T14:24:48.575Z] <<< [apiv2][status] GET https://firebaserules.googleapis.com/v1/projects/nasheta-105b3/rulesets/3fc37d62-fdd3-4229-84f1-1b763551d3c7 200
[debug] [2026-07-08T14:24:48.576Z] <<< [apiv2][body] GET https://firebaserules.googleapis.com/v1/projects/nasheta-105b3/rulesets/3fc37d62-fdd3-4229-84f1-1b763551d3c7 [omitted]
[info] i  firestore: uploading rules firestore.rules... 
[debug] [2026-07-08T14:24:48.591Z] Checked if tokens are valid: true, expires at: 1783523029262
[debug] [2026-07-08T14:24:48.591Z] Checked if tokens are valid: true, expires at: 1783523029262
[debug] [2026-07-08T14:24:48.592Z] >>> [apiv2][query] POST https://firebaserules.googleapis.com/v1/projects/nasheta-105b3/rulesets [none]
[debug] [2026-07-08T14:24:48.592Z] >>> [apiv2][body] POST https://firebaserules.googleapis.com/v1/projects/nasheta-105b3/rulesets [omitted]
[debug] [2026-07-08T14:24:49.125Z] <<< [apiv2][status] POST https://firebaserules.googleapis.com/v1/projects/nasheta-105b3/rulesets 200
[debug] [2026-07-08T14:24:49.125Z] <<< [apiv2][body] POST https://firebaserules.googleapis.com/v1/projects/nasheta-105b3/rulesets {"name":"projects/nasheta-105b3/rulesets/1a52141d-ae9c-4d87-a603-47fffc1c45ae","source":{"files":[{"content":"rules_version = '2';\nservice cloud.firestore {\n  match /databases/{database}/documents {\n    // Allow anyone to read articles (needed for blog posts to load)\n    match /articles/{article} {\n      allow read: if true;\n      allow write: if request.auth != null;\n    }\n    // Allow authenticated users to manage affiliate links\n    match /affiliateLinks/{link} {\n      allow read: if true;\n      allow write: if request.auth != null;\n    }\n    // Allow authenticated users to read/write clicks\n    match /clicks/{click} {\n      allow read, write: if request.auth != null;\n    }\n  }\n}\n","name":"firestore.rules"}]},"createTime":"2026-07-08T14:24:48.480047Z","metadata":{"services":["cloud.firestore"]}}
[debug] [2026-07-08T14:24:49.126Z] [rules] created ruleset projects/nasheta-105b3/rulesets/1a52141d-ae9c-4d87-a603-47fffc1c45ae
[debug] [2026-07-08T14:24:49.126Z] [rules] releasing cloud.firestore/(default) with ruleset projects/nasheta-105b3/rulesets/1a52141d-ae9c-4d87-a603-47fffc1c45ae
[debug] [2026-07-08T14:24:49.126Z] Checked if tokens are valid: true, expires at: 1783523029262
[debug] [2026-07-08T14:24:49.126Z] Checked if tokens are valid: true, expires at: 1783523029262
[debug] [2026-07-08T14:24:49.126Z] >>> [apiv2][query] PATCH https://firebaserules.googleapis.com/v1/projects/nasheta-105b3/releases/cloud.firestore/(default) [none]
[debug] [2026-07-08T14:24:49.126Z] >>> [apiv2][body] PATCH https://firebaserules.googleapis.com/v1/projects/nasheta-105b3/releases/cloud.firestore/(default) {"release":{"name":"projects/nasheta-105b3/releases/cloud.firestore/(default)","rulesetName":"projects/nasheta-105b3/rulesets/1a52141d-ae9c-4d87-a603-47fffc1c45ae"}}
[debug] [2026-07-08T14:24:50.113Z] <<< [apiv2][status] PATCH https://firebaserules.googleapis.com/v1/projects/nasheta-105b3/releases/cloud.firestore/(default) 200
[debug] [2026-07-08T14:24:50.113Z] <<< [apiv2][body] PATCH https://firebaserules.googleapis.com/v1/projects/nasheta-105b3/releases/cloud.firestore/(default) {"name":"projects/nasheta-105b3/releases/cloud.firestore","rulesetName":"projects/nasheta-105b3/rulesets/1a52141d-ae9c-4d87-a603-47fffc1c45ae","createTime":"2026-07-08T14:10:40.193840Z","updateTime":"2026-07-08T14:24:49.469390Z"}
[debug] [2026-07-08T14:24:50.114Z] [rules] updated release projects/nasheta-105b3/releases/cloud.firestore
[info] +  firestore: released rules firestore.rules to cloud.firestore 
[info] 
[info] +  Deploy complete! 
[info] 
[info] Project Console: https://console.firebase.google.com/project/nasheta-105b3/overview
[debug] [2026-07-08T14:24:55.579Z] Error: Timed out.
    at Timeout._onTimeout (C:\Users\JOEL STACK\AppData\Roaming\npm\node_modules\firebase-tools\lib\utils.js:308:49)
    at listOnTimeout (node:internal/timers:605:17)
    at process.processTimers (node:internal/timers:541:7)
[error] 
[error] Error: An unexpected error has occurred.
